<?xml version="1.0" encoding="UTF-8"?>
<testsuite xmlns:xsi="http://www.w3.org/2001/XMLSchema-instance" xsi:noNamespaceSchemaLocation="https://maven.apache.org/surefire/maven-surefire-plugin/xsd/surefire-test-report.xsd" version="3.0.2" name="com.example.valuation.ValuationApplicationTests" time="13.498" tests="1" errors="0" skipped="0" failures="0">
  <properties>
[...]
</properties>
  <testcase name="contextLoads" classname="com.example.valuation.ValuationApplicationTests" time="0.429">
    <system-out><![CDATA[18:13:15.785 [main] INFO org.springframework.test.context.support.AnnotationConfigContextLoaderUtils -- Could not detect default configuration classes for test class [com.example.valuation.ValuationApplicationTests]: ValuationApplicationTests does not declare any static, non-private, non-final, nested classes annotated with @Configuration.
18:13:15.909 [main] INFO org.springframework.boot.test.context.SpringBootTestContextBootstrapper -- Found @SpringBootConfiguration com.example.valuation.ValuationApplication for test class com.example.valuation.ValuationApplicationTests

  .   ____          _            __ _ _
 /\\ / ___'_ __ _ _(_)_ __  __ _ \ \ \ \
( ( )\___ | '_ | '_| | '_ \/ _` | \ \ \ \
 \\/  ___)| |_)| | | | | || (_| |  ) ) ) )
  '  |____| .__|_| |_|_| |_\__, | / / / /
 =========|_|==============|___/=/_/_/_/

 :: Spring Boot ::                (v3.4.5)

2026-01-09T18:13:16.719+05:30  INFO 21312 --- [valuation] [           main] c.e.valuation.ValuationApplicationTests  : Starting ValuationApplicationTests using Java 17.0.16 with PID 21312 (started by Samuela Abigail in D:\Samuela\DTCC\Capstone Project\Valuation MS\Position_Valuation)
2026-01-09T18:13:16.721+05:30  INFO 21312 --- [valuation] [           main] c.e.valuation.ValuationApplicationTests  : No active profile set, falling back to 1 default profile: "default"
2026-01-09T18:13:18.346+05:30  INFO 21312 --- [valuation] [           main] .s.d.r.c.RepositoryConfigurationDelegate : Multiple Spring Data modules found, entering strict repository configuration mode
2026-01-09T18:13:18.348+05:30  INFO 21312 --- [valuation] [           main] .s.d.r.c.RepositoryConfigurationDelegate : Bootstrapping Spring Data JPA repositories in DEFAULT mode.
2026-01-09T18:13:18.528+05:30  INFO 21312 --- [valuation] [           main] .s.d.r.c.RepositoryConfigurationDelegate : Finished Spring Data repository scanning in 165 ms. Found 3 JPA repository interfaces.
2026-01-09T18:13:18.555+05:30  INFO 21312 --- [valuation] [           main] .s.d.r.c.RepositoryConfigurationDelegate : Multiple Spring Data modules found, entering strict repository configuration mode
2026-01-09T18:13:18.557+05:30  INFO 21312 --- [valuation] [           main] .s.d.r.c.RepositoryConfigurationDelegate : Bootstrapping Spring Data Redis repositories in DEFAULT mode.
2026-01-09T18:13:18.581+05:30  INFO 21312 --- [valuation] [           main] .RepositoryConfigurationExtensionSupport : Spring Data Redis - Could not safely identify store assignment for repository candidate interface com.example.valuation.dao.PositionHistoryRepository; If you want this repository to be a Redis repository, consider annotating your entities with one of these annotations: org.springframework.data.redis.core.RedisHash (preferred), or consider extending one of the following types with your repository: org.springframework.data.keyvalue.repository.KeyValueRepository
2026-01-09T18:13:18.582+05:30  INFO 21312 --- [valuation] [           main] .RepositoryConfigurationExtensionSupport : Spring Data Redis - Could not safely identify store assignment for repository candidate interface com.example.valuation.dao.PositionRepository; If you want this repository to be a Redis repository, consider annotating your entities with one of these annotations: org.springframework.data.redis.core.RedisHash (preferred), or consider extending one of the following types with your repository: org.springframework.data.keyvalue.repository.KeyValueRepository
2026-01-09T18:13:18.583+05:30  INFO 21312 --- [valuation] [           main] .RepositoryConfigurationExtensionSupport : Spring Data Redis - Could not safely identify store assignment for repository candidate interface com.example.valuation.dao.ValuationDao; If you want this repository to be a Redis repository, consider annotating your entities with one of these annotations: org.springframework.data.redis.core.RedisHash (preferred), or consider extending one of the following types with your repository: org.springframework.data.keyvalue.repository.KeyValueRepository
2026-01-09T18:13:18.585+05:30  INFO 21312 --- [valuation] [           main] .s.d.r.c.RepositoryConfigurationDelegate : Finished Spring Data repository scanning in 12 ms. Found 0 Redis repository interfaces.
2026-01-09T18:13:19.079+05:30  INFO 21312 --- [valuation] [           main] o.s.cloud.context.scope.GenericScope     : BeanFactory id=ad50afe8-4878-39f7-a56d-e009a520619b
2026-01-09T18:13:20.006+05:30  INFO 21312 --- [valuation] [           main] o.hibernate.jpa.internal.util.LogHelper  : HHH000204: Processing PersistenceUnitInfo [name: default]
2026-01-09T18:13:20.073+05:30  INFO 21312 --- [valuation] [           main] org.hibernate.Version                    : HHH000412: Hibernate ORM core version 6.6.13.Final
2026-01-09T18:13:20.110+05:30  INFO 21312 --- [valuation] [           main] o.h.c.internal.RegionFactoryInitiator    : HHH000026: Second-level cache disabled
2026-01-09T18:13:20.472+05:30  INFO 21312 --- [valuation] [           main] o.s.o.j.p.SpringPersistenceUnitInfo      : No LoadTimeWeaver setup: ignoring JPA class transformer
2026-01-09T18:13:20.510+05:30  INFO 21312 --- [valuation] [           main] com.zaxxer.hikari.HikariDataSource       : HikariPool-1 - Starting...
2026-01-09T18:13:20.845+05:30  INFO 21312 --- [valuation] [           main] com.zaxxer.hikari.pool.HikariPool        : HikariPool-1 - Added connection org.postgresql.jdbc.PgConnection@4113d9ab
2026-01-09T18:13:20.848+05:30  INFO 21312 --- [valuation] [           main] com.zaxxer.hikari.HikariDataSource       : HikariPool-1 - Start completed.
2026-01-09T18:13:20.881+05:30  WARN 21312 --- [valuation] [           main] org.hibernate.orm.deprecation            : HHH90000025: PostgreSQLDialect does not need to be specified explicitly using 'hibernate.dialect' (remove the property setting and it will be selected by default)
2026-01-09T18:13:20.904+05:30  INFO 21312 --- [valuation] [           main] org.hibernate.orm.connections.pooling    : HHH10001005: Database info:
	Database JDBC URL [Connecting through datasource 'HikariDataSource (HikariPool-1)']
	Database driver: undefined/unknown
	Database version: 15.3
	Autocommit mode: undefined/unknown
	Isolation level: undefined/unknown
	Minimum pool size: undefined/unknown
	Maximum pool size: undefined/unknown
2026-01-09T18:13:21.975+05:30  INFO 21312 --- [valuation] [           main] o.h.e.t.j.p.i.JtaPlatformInitiator       : HHH000489: No JTA platform available (set 'hibernate.transaction.jta.platform' to enable JTA platform integration)
2026-01-09T18:13:22.083+05:30  INFO 21312 --- [valuation] [           main] j.LocalContainerEntityManagerFactoryBean : Initialized JPA EntityManagerFactory for persistence unit 'default'
2026-01-09T18:13:22.621+05:30  INFO 21312 --- [valuation] [           main] o.s.d.j.r.query.QueryEnhancerFactory     : Hibernate is in classpath; If applicable, HQL parser will be used.
2026-01-09T18:13:23.188+05:30 DEBUG 21312 --- [valuation] [           main] i.l.c.r.AddressResolverGroupProvider     : Starting without optional netty's non-blocking DNS resolver library
2026-01-09T18:13:23.189+05:30 DEBUG 21312 --- [valuation] [           main] i.l.c.resource.DefaultClientResources    : -Dio.netty.eventLoopThreads: 8
2026-01-09T18:13:23.195+05:30 DEBUG 21312 --- [valuation] [           main] i.l.c.r.DefaultEventLoopGroupProvider    : Creating executor io.netty.util.concurrent.DefaultEventExecutorGroup
2026-01-09T18:13:23.292+05:30 DEBUG 21312 --- [valuation] [           main] i.l.core.event.jfr.EventRecorderHolder   : Starting with JFR support
2026-01-09T18:13:24.953+05:30 ERROR 21312 --- [valuation] [ActiveMQ Task-1] o.a.a.t.failover.FailoverTransport       : Failed to connect to [tcp://localhost:61616] after: 1 attempt(s)
Skipping repository creation → tableName is NULL/EMPTY
Skipping OutboxProcessor creation → tableName is NULL/EMPTY
2026-01-09T18:13:25.025+05:30  INFO 21312 --- [valuation] [           main] i.g.s.c.core.OutboxProcessor             : [exception_outbox] Outbox processor started with polling=2000ms
Skipping OutboxProcessor creation → tableName is NULL/EMPTY
2026-01-09T18:13:25.029+05:30  INFO 21312 --- [valuation] [           main] i.g.s.c.core.OutboxProcessor             : [exception_outbox] Outbox processor started with polling=2000ms
2026-01-09T18:13:25.486+05:30  WARN 21312 --- [valuation] [           main] JpaBaseConfiguration$JpaWebConfiguration : spring.jpa.open-in-view is enabled by default. Therefore, database queries may be performed during view rendering. Explicitly configure spring.jpa.open-in-view to disable this warning
2026-01-09T18:13:26.656+05:30 DEBUG 21312 --- [valuation] [           main] i.l.c.r.DefaultEventLoopGroupProvider    : Creating executor io.netty.util.concurrent.DefaultEventExecutorGroup
2026-01-09T18:13:27.858+05:30  INFO 21312 --- [valuation] [           main] DiscoveryClientOptionalArgsConfiguration : Eureka HTTP Client uses RestTemplate.
2026-01-09T18:13:27.983+05:30  WARN 21312 --- [valuation] [           main] iguration$LoadBalancerCaffeineWarnLogger : Spring Cloud LoadBalancer is currently working with the default cache. While this cache implementation is useful for development and tests, it's recommended to use Caffeine cache in production.You can switch to using Caffeine cache, by adding it and org.springframework.cache.caffeine.CaffeineCacheManager to the classpath.
2026-01-09T18:13:28.011+05:30  INFO 21312 --- [valuation] [           main] o.s.b.a.e.web.EndpointLinksResolver      : Exposing 1 endpoint beneath base path '/actuator'
2026-01-09T18:13:28.149+05:30  INFO 21312 --- [valuation] [           main] o.s.c.n.eureka.InstanceInfoFactory       : Setting initial instance status as: STARTING
2026-01-09T18:13:28.174+05:30  INFO 21312 --- [valuation] [           main] com.netflix.discovery.DiscoveryClient    : Initializing Eureka in region us-east-1
2026-01-09T18:13:28.179+05:30  INFO 21312 --- [valuation] [           main] c.n.d.s.r.aws.ConfigClusterResolver      : Resolving eureka endpoints via configuration
2026-01-09T18:13:28.188+05:30  INFO 21312 --- [valuation] [           main] com.netflix.discovery.DiscoveryClient    : Disable delta property : false
2026-01-09T18:13:28.189+05:30  INFO 21312 --- [valuation] [           main] com.netflix.discovery.DiscoveryClient    : Single vip registry refresh property : null
2026-01-09T18:13:28.189+05:30  INFO 21312 --- [valuation] [           main] com.netflix.discovery.DiscoveryClient    : Force full registry fetch : false
2026-01-09T18:13:28.189+05:30  INFO 21312 --- [valuation] [           main] com.netflix.discovery.DiscoveryClient    : Application is null : false
2026-01-09T18:13:28.189+05:30  INFO 21312 --- [valuation] [           main] com.netflix.discovery.DiscoveryClient    : Registered Applications size is zero : true
2026-01-09T18:13:28.189+05:30  INFO 21312 --- [valuation] [           main] com.netflix.discovery.DiscoveryClient    : Application version is -1: true
2026-01-09T18:13:28.189+05:30  INFO 21312 --- [valuation] [           main] com.netflix.discovery.DiscoveryClient    : Getting all instance registry info from the eureka server
2026-01-09T18:13:28.517+05:30  INFO 21312 --- [valuation] [           main] com.netflix.discovery.DiscoveryClient    : The response status is 200
2026-01-09T18:13:28.519+05:30  INFO 21312 --- [valuation] [           main] com.netflix.discovery.DiscoveryClient    : Starting heartbeat executor: renew interval is: 30
2026-01-09T18:13:28.521+05:30  INFO 21312 --- [valuation] [           main] c.n.discovery.InstanceInfoReplicator     : InstanceInfoReplicator onDemand update allowed rate per min is 4
2026-01-09T18:13:28.523+05:30  INFO 21312 --- [valuation] [           main] com.netflix.discovery.DiscoveryClient    : Discovery Client initialized at timestamp 1767962608522 with initial instances count: 2
2026-01-09T18:13:28.537+05:30  INFO 21312 --- [valuation] [           main] o.s.c.n.e.s.EurekaServiceRegistry        : Registering application VALUATION with eureka with status UP
2026-01-09T18:13:28.537+05:30  INFO 21312 --- [valuation] [           main] com.netflix.discovery.DiscoveryClient    : Saw local status change event StatusChangeEvent [timestamp=1767962608537, current=UP, previous=STARTING]
2026-01-09T18:13:28.539+05:30  INFO 21312 --- [valuation] [foReplicator-%d] com.netflix.discovery.DiscoveryClient    : DiscoveryClient_VALUATION/DESKTOP-SS4QJNS:valuation:9095: registering service...
2026-01-09T18:13:28.539+05:30 DEBUG 21312 --- [valuation] [           main] o.s.d.r.l.RedisMessageListenerContainer  : Starting RedisMessageListenerContainer...
2026-01-09T18:13:28.540+05:30 DEBUG 21312 --- [valuation] [           main] o.s.d.r.l.RedisMessageListenerContainer  : Postpone listening for Redis messages until actual listeners are added
2026-01-09T18:13:28.567+05:30  INFO 21312 --- [valuation] [       outbox-3] c.e.v.fileservice.DailyFileScheduler     : Starting daily valuation file job for 2026-01-09
2026-01-09T18:13:28.573+05:30  INFO 21312 --- [valuation] [           main] c.e.valuation.ValuationApplicationTests  : Started ValuationApplicationTests in 12.334 seconds (process running for 13.542)
2026-01-09T18:13:28.623+05:30  INFO 21312 --- [valuation] [foReplicator-%d] com.netflix.discovery.DiscoveryClient    : DiscoveryClient_VALUATION/DESKTOP-SS4QJNS:valuation:9095 - registration status: 204
Hibernate: 
    select
        ve1_0.id,
        ve1_0.caluclated_by,
        ve1_0.client_account_no,
        ve1_0.client_name,
        ve1_0.confirmed_status,
        ve1_0.created_at,
        ve1_0.dob,
        ve1_0.file_id,
        ve1_0.firm_number,
        ve1_0.fund_number,
        ve1_0.nav_value,
        ve1_0.order_source,
        ve1_0.originator_type,
        ve1_0.raw_order_id,
        ve1_0.redis_sent,
        ve1_0.reject_reason,
        ve1_0.share_quantity,
        ve1_0.ssn,
        ve1_0.status,
        ve1_0.trade_datetime,
        ve1_0.transaction_id,
        ve1_0.transaction_type,
        ve1_0.valuation_amount,
        ve1_0.valuation_date 
    from
        valuation ve1_0 
    where
        ve1_0.status=? 
        and ve1_0.valuation_date=?
2026-01-09T18:13:28.768+05:30  INFO 21312 --- [valuation] [       outbox-3] c.e.v.fileservice.DailyFileScheduler     : No NEW valuation records found for 2026-01-09
]]></system-out>
  </testcase>
</testsuite>